<?xml version="1.0" encoding="UTF-8"?>
<!-- Generated by org.testng.reporters.JUnitReportReporter -->
<testsuite hostname="DESKTOP-0P7RLK5" name="com.Selenium.SelectDDL" tests="5" failures="0" timestamp="22 Sep 2020 05:47:40 GMT" time="7.725" errors="0">
  <testcase name="Selctddl" time="2.722" classname="com.Selenium.SelectDDL"/>
  <testcase name="checkboxallset" time="0.205" classname="com.Selenium.SelectDDL"/>
  <testcase name="checkboxall" time="0.232" classname="com.Selenium.SelectDDL"/>
  <testcase name="Autosuggestion" time="4.403" classname="com.Selenium.SelectDDL"/>
  <testcase name="radiobutton" time="0.163" classname="com.Selenium.SelectDDL"/>
</testsuite> <!-- com.Selenium.SelectDDL -->
