<?xml version="1.0" encoding="UTF-8"?>
<!-- Generated by org.testng.reporters.JUnitReportReporter -->
<testsuite hostname="DESKTOP-0P7RLK5" name="TestBase.Base" tests="1" failures="0" timestamp="10 Jan 2021 15:02:39 GMT" time="8.637" errors="0">
  <testcase name="startup" time="8.637" classname="TestBase.Base"/>
</testsuite> <!-- TestBase.Base -->
