<?xml version="1.0" encoding="UTF-8"?>
<!-- Generated by org.testng.reporters.JUnitReportReporter -->
<testsuite hostname="DESKTOP-0P7RLK5" name="Testng.ClassE" tests="2" failures="0" timestamp="23 Mar 2021 09:39:50 GMT" time="0.017" errors="0">
  <testcase name="mathod5" time="0.011" classname="Testng.ClassE"/>
  <testcase name="mathod3" time="0.006" classname="Testng.ClassE"/>
</testsuite> <!-- Testng.ClassE -->
