<?xml version="1.0" encoding="UTF-8"?>
<!-- Generated by org.testng.reporters.JUnitReportReporter -->
<testsuite hostname="DESKTOP-0P7RLK5" name="com.Selenium.Practice" tests="1" failures="0" timestamp="23 Sep 2020 09:03:56 GMT" time="2.369" errors="0">
  <testcase name="ElementDispaly" time="2.369" classname="com.Selenium.Practice"/>
</testsuite> <!-- com.Selenium.Practice -->
