<?xml version="1.0" encoding="UTF-8"?>
<!-- Generated by org.testng.reporters.JUnitReportReporter -->
<testsuite hostname="DESKTOP-0P7RLK5" name="Testng.Class3" tests="2" failures="0" timestamp="9 Oct 2020 10:45:27 GMT" time="0.009" errors="0">
  <testcase name="mathod3" time="0.006" classname="Testng.Class3"/>
  <testcase name="mathod5" time="0.003" classname="Testng.Class3"/>
</testsuite> <!-- Testng.Class3 -->
