<?xml version="1.0" encoding="UTF-8"?>
<!-- Generated by org.testng.reporters.JUnitReportReporter -->
<testsuite hostname="DESKTOP-0P7RLK5" name="Testng.ClassA" tests="5" failures="0" timestamp="23 Mar 2021 09:39:50 GMT" time="0.028" errors="0">
  <testcase name="mathod6" time="0.003" classname="Testng.ClassA"/>
  <testcase name="mathod7" time="0.005" classname="Testng.ClassA"/>
  <testcase name="mathod5" time="0.004" classname="Testng.ClassA"/>
  <testcase name="mathod9" time="0.005" classname="Testng.ClassA"/>
  <testcase name="mathod3" time="0.011" classname="Testng.ClassA"/>
</testsuite> <!-- Testng.ClassA -->
