<?xml version="1.0" encoding="UTF-8"?>
<!-- Generated by org.testng.reporters.JUnitReportReporter -->
<testsuite hostname="DESKTOP-0P7RLK5" name="Testng.ClassD" tests="2" failures="0" timestamp="23 Mar 2021 09:39:50 GMT" time="0.011" errors="0">
  <testcase name="mathod5" time="0.005" classname="Testng.ClassD"/>
  <testcase name="mathod3" time="0.006" classname="Testng.ClassD"/>
</testsuite> <!-- Testng.ClassD -->
