<?xml version="1.0" encoding="UTF-8"?>
<!-- Generated by org.testng.reporters.JUnitReportReporter -->
<testsuite hostname="DESKTOP-0P7RLK5" name="TestngGroups.ClassA" tests="6" failures="0" timestamp="8 Jan 2021 06:38:26 GMT" time="0.069" errors="0">
  <testcase name="mathod9" time="0.003" classname="TestngGroups.ClassA"/>
  <testcase name="mathod7" time="0.025" classname="TestngGroups.ClassA"/>
  <testcase name="mathod10" time="0.003" classname="TestngGroups.ClassA"/>
  <testcase name="mathod5" time="0.010" classname="TestngGroups.ClassA"/>
  <testcase name="mathod3" time="0.007" classname="TestngGroups.ClassA"/>
  <testcase name="mathod6" time="0.021" classname="TestngGroups.ClassA"/>
</testsuite> <!-- TestngGroups.ClassA -->
