<?xml version="1.0" encoding="UTF-8"?>
<!-- Generated by org.testng.reporters.JUnitReportReporter -->
<testsuite hostname="DESKTOP-0P7RLK5" name="Testng.ClassT" tests="2" failures="0" timestamp="23 Mar 2021 09:39:50 GMT" time="0.005" errors="0">
  <testcase name="mathod3" time="0.003" classname="Testng.ClassT"/>
  <testcase name="mathod5" time="0.002" classname="Testng.ClassT"/>
</testsuite> <!-- Testng.ClassT -->
