<?xml version="1.0" encoding="UTF-8"?>
<!-- Generated by org.testng.reporters.JUnitReportReporter -->
<testsuite hostname="DESKTOP-0P7RLK5" name="Facebookpage.FacebookHomeassertioncheck" tests="1" failures="0" timestamp="11 Jan 2021 05:00:57 GMT" time="4.091" errors="0">
  <testcase name="login" time="4.091" classname="Facebookpage.FacebookHomeassertioncheck"/>
</testsuite> <!-- Facebookpage.FacebookHomeassertioncheck -->
