<?xml version="1.0" encoding="UTF-8"?>
<!-- Generated by org.testng.reporters.JUnitReportReporter -->
<testsuite hostname="DESKTOP-0P7RLK5" name="Testng.ClassB" tests="5" failures="0" timestamp="23 Mar 2021 09:39:50 GMT" time="0.026" errors="0">
  <testcase name="mathod6" time="0.004" classname="Testng.ClassB"/>
  <testcase name="mathod5" time="0.002" classname="Testng.ClassB"/>
  <testcase name="mathod3" time="0.010" classname="Testng.ClassB"/>
  <testcase name="mathod9" time="0.007" classname="Testng.ClassB"/>
  <testcase name="mathod7" time="0.003" classname="Testng.ClassB"/>
</testsuite> <!-- Testng.ClassB -->
